# JRE version: Java(TM) SE Runtime Environment (8.0_92-b14) (build 1.8.0_92-b14)
# Java VM: Java HotSpot(TM) 64-Bit Server VM (25.92-b14 mixed mode bsd-amd64 compressed oops)
Heap:
 PSYoungGen      total 97792K, used 11935K [0x00000007aab00000, 0x00000007b3880000, 0x00000007c0000000)
  eden space 96768K, 12% used [0x00000007aab00000,0x00000007ab6a7ed8,0x00000007b0980000)
  from space 1024K, 0% used [0x00000007b0980000,0x00000007b0980000,0x00000007b0a80000)
  to   space 24064K, 0% used [0x00000007b2100000,0x00000007b2100000,0x00000007b3880000)
 ParOldGen       total 80896K, used 33254K [0x0000000780000000, 0x0000000784f00000, 0x00000007aab00000)
  object space 80896K, 41% used [0x0000000780000000,0x00000007820799d0,0x0000000784f00000)
 Metaspace       used 71838K, capacity 76492K, committed 81152K, reserved 1120256K
  class space    used 8936K, capacity 9302K, committed 10496K, reserved 1048576K
GC Heap History (10 events):
Event: 21483.780 GC heap before
{Heap before GC invocations=139 (full 34):
 PSYoungGen      total 98304K, used 1075K [0x00000007aab00000, 0x00000007b3a80000, 0x00000007c0000000)
  eden space 96768K, 0% used [0x00000007aab00000,0x00000007aab00000,0x00000007b0980000)
  from space 1536K, 70% used [0x00000007b0980000,0x00000007b0a8cf50,0x00000007b0b00000)
  to   space 25088K, 0% used [0x00000007b2200000,0x00000007b2200000,0x00000007b3a80000)
 ParOldGen       total 80896K, used 51280K [0x0000000780000000, 0x0000000784f00000, 0x00000007aab00000)
  object space 80896K, 63% used [0x0000000780000000,0x0000000783214250,0x0000000784f00000)
 Metaspace       used 73442K, capacity 79412K, committed 81152K, reserved 1120256K
  class space    used 9327K, capacity 10041K, committed 10496K, reserved 1048576K
Event: 21484.733 GC heap after
Heap after GC invocations=139 (full 34):
 PSYoungGen      total 98304K, used 0K [0x00000007aab00000, 0x00000007b3a80000, 0x00000007c0000000)
  eden space 96768K, 0% used [0x00000007aab00000,0x00000007aab00000,0x00000007b0980000)
  from space 1536K, 0% used [0x00000007b0980000,0x00000007b0980000,0x00000007b0b00000)
  to   space 25088K, 0% used [0x00000007b2200000,0x00000007b2200000,0x00000007b3a80000)
 ParOldGen       total 80896K, used 31654K [0x0000000780000000, 0x0000000784f00000, 0x00000007aab00000)
  object space 80896K, 39% used [0x0000000780000000,0x0000000781ee9b10,0x0000000784f00000)
 Metaspace       used 71432K, capacity 75850K, committed 81152K, reserved 1120256K
  class space    used 8865K, capacity 9169K, committed 10496K, reserved 1048576K
}
Event: 21629.840 GC heap before
{Heap before GC invocations=140 (full 34):
 PSYoungGen      total 98304K, used 33595K [0x00000007aab00000, 0x00000007b3a80000, 0x00000007c0000000)
  eden space 96768K, 34% used [0x00000007aab00000,0x00000007acbcef18,0x00000007b0980000)
  from space 1536K, 0% used [0x00000007b0980000,0x00000007b0980000,0x00000007b0b00000)
  to   space 25088K, 0% used [0x00000007b2200000,0x00000007b2200000,0x00000007b3a80000)
 ParOldGen       total 80896K, used 31654K [0x0000000780000000, 0x0000000784f00000, 0x00000007aab00000)
  object space 80896K, 39% used [0x0000000780000000,0x0000000781ee9b10,0x0000000784f00000)
 Metaspace       used 71653K, capacity 76198K, committed 81152K, reserved 1120256K
  class space    used 8897K, capacity 9227K, committed 10496K, reserved 1048576K
Event: 21629.849 GC heap after
Heap after GC invocations=140 (full 34):
 PSYoungGen      total 120832K, used 1696K [0x00000007aab00000, 0x00000007b3980000, 0x00000007c0000000)
  eden space 96768K, 0% used [0x00000007aab00000,0x00000007aab00000,0x00000007b0980000)
  from space 24064K, 7% used [0x00000007b2200000,0x00000007b23a8000,0x00000007b3980000)
  to   space 24576K, 0% used [0x00000007b0980000,0x00000007b0980000,0x00000007b2180000)
 ParOldGen       total 80896K, used 31654K [0x0000000780000000, 0x0000000784f00000, 0x00000007aab00000)
  object space 80896K, 39% used [0x0000000780000000,0x0000000781ee9b10,0x0000000784f00000)
 Metaspace       used 71653K, capacity 76198K, committed 81152K, reserved 1120256K
  class space    used 8897K, capacity 9227K, committed 10496K, reserved 1048576K
}
Event: 21629.849 GC heap before
{Heap before GC invocations=141 (full 35):
 PSYoungGen      total 120832K, used 1696K [0x00000007aab00000, 0x00000007b3980000, 0x00000007c0000000)
  eden space 96768K, 0% used [0x00000007aab00000,0x00000007aab00000,0x00000007b0980000)
  from space 24064K, 7% used [0x00000007b2200000,0x00000007b23a8000,0x00000007b3980000)
  to   space 24576K, 0% used [0x00000007b0980000,0x00000007b0980000,0x00000007b2180000)
 ParOldGen       total 80896K, used 31654K [0x0000000780000000, 0x0000000784f00000, 0x00000007aab00000)
  object space 80896K, 39% used [0x0000000780000000,0x0000000781ee9b10,0x0000000784f00000)
 Metaspace       used 71653K, capacity 76198K, committed 81152K, reserved 1120256K
  class space    used 8897K, capacity 9227K, committed 10496K, reserved 1048576K
Event: 21630.051 GC heap after
Heap after GC invocations=141 (full 35):
 PSYoungGen      total 120832K, used 0K [0x00000007aab00000, 0x00000007b3980000, 0x00000007c0000000)
  eden space 96768K, 0% used [0x00000007aab00000,0x00000007aab00000,0x00000007b0980000)
  from space 24064K, 0% used [0x00000007b2200000,0x00000007b2200000,0x00000007b3980000)
  to   space 24576K, 0% used [0x00000007b0980000,0x00000007b0980000,0x00000007b2180000)
 ParOldGen       total 80896K, used 32913K [0x0000000780000000, 0x0000000784f00000, 0x00000007aab00000)
  object space 80896K, 40% used [0x0000000780000000,0x00000007820247e0,0x0000000784f00000)
 Metaspace       used 71653K, capacity 76198K, committed 81152K, reserved 1120256K
  class space    used 8897K, capacity 9227K, committed 10496K, reserved 1048576K
}
Event: 21927.058 GC heap before
{Heap before GC invocations=142 (full 35):
 PSYoungGen      total 120832K, used 10963K [0x00000007aab00000, 0x00000007b3980000, 0x00000007c0000000)
  eden space 96768K, 11% used [0x00000007aab00000,0x00000007ab5b4c68,0x00000007b0980000)
  from space 24064K, 0% used [0x00000007b2200000,0x00000007b2200000,0x00000007b3980000)
  to   space 24576K, 0% used [0x00000007b0980000,0x00000007b0980000,0x00000007b2180000)
 ParOldGen       total 80896K, used 32913K [0x0000000780000000, 0x0000000784f00000, 0x00000007aab00000)
  object space 80896K, 40% used [0x0000000780000000,0x00000007820247e0,0x0000000784f00000)
 Metaspace       used 71692K, capacity 76258K, committed 81152K, reserved 1120256K
  class space    used 8902K, capacity 9237K, committed 10496K, reserved 1048576K
Event: 21927.066 GC heap after
Heap after GC invocations=142 (full 35):
 PSYoungGen      total 97792K, used 576K [0x00000007aab00000, 0x00000007b3880000, 0x00000007c0000000)
  eden space 96768K, 0% used [0x00000007aab00000,0x00000007aab00000,0x00000007b0980000)
  from space 1024K, 56% used [0x00000007b0980000,0x00000007b0a10000,0x00000007b0a80000)
  to   space 24064K, 0% used [0x00000007b2100000,0x00000007b2100000,0x00000007b3880000)
 ParOldGen       total 80896K, used 32913K [0x0000000780000000, 0x0000000784f00000, 0x00000007aab00000)
  object space 80896K, 40% used [0x0000000780000000,0x00000007820247e0,0x0000000784f00000)
 Metaspace       used 71692K, capacity 76258K, committed 81152K, reserved 1120256K
  class space    used 8902K, capacity 9237K, committed 10496K, reserved 1048576K
}
Event: 21927.066 GC heap before
{Heap before GC invocations=143 (full 36):
 PSYoungGen      total 97792K, used 576K [0x00000007aab00000, 0x00000007b3880000, 0x00000007c0000000)
  eden space 96768K, 0% used [0x00000007aab00000,0x00000007aab00000,0x00000007b0980000)
  from space 1024K, 56% used [0x00000007b0980000,0x00000007b0a10000,0x00000007b0a80000)
  to   space 24064K, 0% used [0x00000007b2100000,0x00000007b2100000,0x00000007b3880000)
 ParOldGen       total 80896K, used 32913K [0x0000000780000000, 0x0000000784f00000, 0x00000007aab00000)
  object space 80896K, 40% used [0x0000000780000000,0x00000007820247e0,0x0000000784f00000)
 Metaspace       used 71692K, capacity 76258K, committed 81152K, reserved 1120256K
  class space    used 8902K, capacity 9237K, committed 10496K, reserved 1048576K
Event: 21927.285 GC heap after
Heap after GC invocations=143 (full 36):
 PSYoungGen      total 97792K, used 0K [0x00000007aab00000, 0x00000007b3880000, 0x00000007c0000000)
  eden space 96768K, 0% used [0x00000007aab00000,0x00000007aab00000,0x00000007b0980000)
  from space 1024K, 0% used [0x00000007b0980000,0x00000007b0980000,0x00000007b0a80000)
  to   space 24064K, 0% used [0x00000007b2100000,0x00000007b2100000,0x00000007b3880000)
 ParOldGen       total 80896K, used 33254K [0x0000000780000000, 0x0000000784f00000, 0x00000007aab00000)
  object space 80896K, 41% used [0x0000000780000000,0x00000007820799d0,0x0000000784f00000)
 Metaspace       used 71692K, capacity 76258K, committed 81152K, reserved 1120256K
  class space    used 8902K, capacity 9237K, committed 10496K, reserved 1048576K
}

